<?xml version="1.0" encoding="UTF-8"?>
<testsuite name="petstore.Pet" tests="4" skipped="0" failures="0" errors="0" timestamp="2021-08-20T21:58:05" hostname="CPX-NAP56KTUI5S" time="11.966">
  <properties/>
  <testcase name="incluirPet" classname="petstore.Pet" time="8.525"/>
  <testcase name="consultarId" classname="petstore.Pet" time="1.276"/>
  <testcase name="alterarPet" classname="petstore.Pet" time="1.216"/>
  <testcase name="excluirPet" classname="petstore.Pet" time="0.936"/>
  <system-out><![CDATA[Request method:	POST
Request URI:	https://petstore.swagger.io/v2/pet
Proxy:			<none>
Request params:	<none>
Query params:	<none>
Form params:	<none>
Path params:	<none>
Headers:		Accept=*/*
				Content-Type=application/json; charset=UTF-8
Cookies:		<none>
Multiparts:		<none>
Body:
{
    "id": 1908202129,
    "category": {
        "id": 1,
        "name": "dog"
    },
    "name": "Snoopy",
    "photoUrls": [
        "string"
    ],
    "tags": [
        {
            "id": 2021,
            "name": "sta"
        }
    ],
    "status": "available"
}
HTTP/1.1 200 OK
Date: Fri, 20 Aug 2021 21:58:10 GMT
Content-Type: application/json
Transfer-Encoding: chunked
Connection: keep-alive
Access-Control-Allow-Origin: *
Access-Control-Allow-Methods: GET, POST, DELETE, PUT
Access-Control-Allow-Headers: Content-Type, api_key, Authorization
Server: Jetty(9.2.9.v20150224)

{
    "id": 1908202129,
    "category": {
        "id": 1,
        "name": "dog"
    },
    "name": "Snoopy",
    "photoUrls": [
        "string"
    ],
    "tags": [
        {
            "id": 2021,
            "name": "sta"
        }
    ],
    "status": "available"
}
Request method:	GET
Request URI:	https://petstore.swagger.io/v2/pet/1908202129
Proxy:			<none>
Request params:	<none>
Query params:	<none>
Form params:	<none>
Path params:	<none>
Headers:		Accept=*/*
				Content-Type=application/json; charset=UTF-8
Cookies:		<none>
Multiparts:		<none>
Body:			<none>
HTTP/1.1 200 OK
Date: Fri, 20 Aug 2021 21:58:14 GMT
Content-Type: application/json
Transfer-Encoding: chunked
Connection: keep-alive
Access-Control-Allow-Origin: *
Access-Control-Allow-Methods: GET, POST, DELETE, PUT
Access-Control-Allow-Headers: Content-Type, api_key, Authorization
Server: Jetty(9.2.9.v20150224)

{
    "id": 1908202129,
    "category": {
        "id": 1,
        "name": "dog"
    },
    "name": "Snoopy",
    "photoUrls": [
        "string"
    ],
    "tags": [
        {
            "id": 2021,
            "name": "sta"
        }
    ],
    "status": "available"
}
Request method:	PUT
Request URI:	https://petstore.swagger.io/v2/pet
Proxy:			<none>
Request params:	<none>
Query params:	<none>
Form params:	<none>
Path params:	<none>
Headers:		Accept=*/*
				Content-Type=application/json; charset=UTF-8
Cookies:		<none>
Multiparts:		<none>
Body:
{
    "id": 1908202129,
    "category": {
        "id": 1,
        "name": "dog"
    },
    "name": "Snoopy",
    "photoUrls": [
        "string"
    ],
    "tags": [
        {
            "id": 2021,
            "name": "sta"
        }
    ],
    "status": "sold"
}
HTTP/1.1 200 OK
Date: Fri, 20 Aug 2021 21:58:15 GMT
Content-Type: application/json
Transfer-Encoding: chunked
Connection: keep-alive
Access-Control-Allow-Origin: *
Access-Control-Allow-Methods: GET, POST, DELETE, PUT
Access-Control-Allow-Headers: Content-Type, api_key, Authorization
Server: Jetty(9.2.9.v20150224)

{
    "id": 1908202129,
    "category": {
        "id": 1,
        "name": "dog"
    },
    "name": "Snoopy",
    "photoUrls": [
        "string"
    ],
    "tags": [
        {
            "id": 2021,
            "name": "sta"
        }
    ],
    "status": "sold"
}
Request method:	DELETE
Request URI:	https://petstore.swagger.io/v2/pet/1908202129
Proxy:			<none>
Request params:	<none>
Query params:	<none>
Form params:	<none>
Path params:	<none>
Headers:		Accept=*/*
				Content-Type=application/json; charset=UTF-8
Cookies:		<none>
Multiparts:		<none>
Body:			<none>
HTTP/1.1 200 OK
Date: Fri, 20 Aug 2021 21:58:16 GMT
Content-Type: application/json
Transfer-Encoding: chunked
Connection: keep-alive
Access-Control-Allow-Origin: *
Access-Control-Allow-Methods: GET, POST, DELETE, PUT
Access-Control-Allow-Headers: Content-Type, api_key, Authorization
Server: Jetty(9.2.9.v20150224)

{
    "code": 200,
    "type": "unknown",
    "message": "1908202129"
}
]]></system-out>
  <system-err><![CDATA[]]></system-err>
</testsuite>
